# JRE version: Java(TM) SE Runtime Environment (24.0.1+9) (build 24.0.1+9-30)
# Java VM: Java HotSpot(TM) 64-Bit Server VM (24.0.1+9-30, mixed mode, sharing, tiered, compressed oops, compressed class ptrs, g1 gc, windows-amd64)
GC Precious Log:
 CardTable entry size: 512
 Card Set container configuration: InlinePtr #cards 4 size 8 Array Of Cards #cards 16 size 48 Howl #buckets 8 coarsen threshold 3686 Howl Bitmap #cards 512 size 80 coarsen threshold 460 Card regions per heap region 1 cards per card region 4096
 CPUs: 16 total, 16 available
 Memory: 15610M
 Large Page Support: Disabled
 NUMA Support: Disabled
 Compressed Oops: Enabled (Zero based)
 Heap Region Size: 2M
 Heap Min Capacity: 8M
 Heap Initial Capacity: 244M
 Heap Max Capacity: 3904M
 Pre-touch: Disabled
 Parallel Workers: 13
 Concurrent Workers: 3
 Concurrent Refinement Workers: 13
 Periodic GC: Disabled
Heap:
 garbage-first heap   total reserved 3997696K, committed 69632K, used 55612K [0x000000070c000000, 0x0000000800000000)
  region size 2048K, 17 young (34816K), 1 survivors (2048K)
 Metaspace       used 50852K, committed 51328K, reserved 1114112K
  class space    used 5311K, committed 5504K, reserved 1048576K
GC Heap History (20 events):
Event: 914.768 GC heap before
{Heap before GC invocations=193 (full 0):
 garbage-first heap   total reserved 3997696K, committed 69632K, used 57458K [0x000000070c000000, 0x0000000800000000)
  region size 2048K, 17 young (34816K), 1 survivors (2048K)
 Metaspace       used 50461K, committed 51008K, reserved 1114112K
  class space    used 5284K, committed 5504K, reserved 1048576K
}
Event: 914.769 GC heap after
{Heap after GC invocations=194 (full 0):
 garbage-first heap   total reserved 3997696K, committed 69632K, used 24703K [0x000000070c000000, 0x0000000800000000)
  region size 2048K, 1 young (2048K), 1 survivors (2048K)
 Metaspace       used 50461K, committed 51008K, reserved 1114112K
  class space    used 5284K, committed 5504K, reserved 1048576K
}
Event: 918.852 GC heap before
{Heap before GC invocations=194 (full 0):
 garbage-first heap   total reserved 3997696K, committed 69632K, used 57471K [0x000000070c000000, 0x0000000800000000)
  region size 2048K, 17 young (34816K), 1 survivors (2048K)
 Metaspace       used 50461K, committed 51008K, reserved 1114112K
  class space    used 5284K, committed 5504K, reserved 1048576K
}
Event: 918.852 GC heap after
{Heap after GC invocations=195 (full 0):
 garbage-first heap   total reserved 3997696K, committed 69632K, used 24696K [0x000000070c000000, 0x0000000800000000)
  region size 2048K, 1 young (2048K), 1 survivors (2048K)
 Metaspace       used 50461K, committed 51008K, reserved 1114112K
  class space    used 5284K, committed 5504K, reserved 1048576K
}
Event: 923.489 GC heap before
{Heap before GC invocations=195 (full 0):
 garbage-first heap   total reserved 3997696K, committed 69632K, used 57464K [0x000000070c000000, 0x0000000800000000)
  region size 2048K, 17 young (34816K), 1 survivors (2048K)
 Metaspace       used 50461K, committed 51008K, reserved 1114112K
  class space    used 5284K, committed 5504K, reserved 1048576K
}
Event: 923.489 GC heap after
{Heap after GC invocations=196 (full 0):
 garbage-first heap   total reserved 3997696K, committed 69632K, used 24707K [0x000000070c000000, 0x0000000800000000)
  region size 2048K, 1 young (2048K), 1 survivors (2048K)
 Metaspace       used 50461K, committed 51008K, reserved 1114112K
  class space    used 5284K, committed 5504K, reserved 1048576K
}
Event: 929.584 GC heap before
{Heap before GC invocations=196 (full 0):
 garbage-first heap   total reserved 3997696K, committed 69632K, used 57475K [0x000000070c000000, 0x0000000800000000)
  region size 2048K, 17 young (34816K), 1 survivors (2048K)
 Metaspace       used 50464K, committed 51008K, reserved 1114112K
  class space    used 5284K, committed 5504K, reserved 1048576K
}
Event: 929.585 GC heap after
{Heap after GC invocations=197 (full 0):
 garbage-first heap   total reserved 3997696K, committed 69632K, used 24717K [0x000000070c000000, 0x0000000800000000)
  region size 2048K, 1 young (2048K), 1 survivors (2048K)
 Metaspace       used 50464K, committed 51008K, reserved 1114112K
  class space    used 5284K, committed 5504K, reserved 1048576K
}
Event: 936.474 GC heap before
{Heap before GC invocations=197 (full 0):
 garbage-first heap   total reserved 3997696K, committed 69632K, used 57485K [0x000000070c000000, 0x0000000800000000)
  region size 2048K, 17 young (34816K), 1 survivors (2048K)
 Metaspace       used 50464K, committed 51008K, reserved 1114112K
  class space    used 5284K, committed 5504K, reserved 1048576K
}
Event: 936.474 GC heap after
{Heap after GC invocations=198 (full 0):
 garbage-first heap   total reserved 3997696K, committed 69632K, used 24711K [0x000000070c000000, 0x0000000800000000)
  region size 2048K, 1 young (2048K), 1 survivors (2048K)
 Metaspace       used 50464K, committed 51008K, reserved 1114112K
  class space    used 5284K, committed 5504K, reserved 1048576K
}
Event: 942.773 GC heap before
{Heap before GC invocations=198 (full 0):
 garbage-first heap   total reserved 3997696K, committed 69632K, used 57479K [0x000000070c000000, 0x0000000800000000)
  region size 2048K, 17 young (34816K), 1 survivors (2048K)
 Metaspace       used 50464K, committed 51008K, reserved 1114112K
  class space    used 5284K, committed 5504K, reserved 1048576K
}
Event: 942.774 GC heap after
{Heap after GC invocations=199 (full 0):
 garbage-first heap   total reserved 3997696K, committed 69632K, used 24713K [0x000000070c000000, 0x0000000800000000)
  region size 2048K, 1 young (2048K), 1 survivors (2048K)
 Metaspace       used 50464K, committed 51008K, reserved 1114112K
  class space    used 5284K, committed 5504K, reserved 1048576K
}
Event: 950.064 GC heap before
{Heap before GC invocations=199 (full 0):
 garbage-first heap   total reserved 3997696K, committed 69632K, used 57481K [0x000000070c000000, 0x0000000800000000)
  region size 2048K, 17 young (34816K), 1 survivors (2048K)
 Metaspace       used 50464K, committed 51008K, reserved 1114112K
  class space    used 5284K, committed 5504K, reserved 1048576K
}
Event: 950.065 GC heap after
{Heap after GC invocations=200 (full 0):
 garbage-first heap   total reserved 3997696K, committed 69632K, used 24731K [0x000000070c000000, 0x0000000800000000)
  region size 2048K, 1 young (2048K), 1 survivors (2048K)
 Metaspace       used 50464K, committed 51008K, reserved 1114112K
  class space    used 5284K, committed 5504K, reserved 1048576K
}
Event: 953.828 GC heap before
{Heap before GC invocations=200 (full 0):
 garbage-first heap   total reserved 3997696K, committed 69632K, used 57499K [0x000000070c000000, 0x0000000800000000)
  region size 2048K, 17 young (34816K), 1 survivors (2048K)
 Metaspace       used 50464K, committed 51008K, reserved 1114112K
  class space    used 5284K, committed 5504K, reserved 1048576K
}
Event: 953.828 GC heap after
{Heap after GC invocations=201 (full 0):
 garbage-first heap   total reserved 3997696K, committed 69632K, used 24737K [0x000000070c000000, 0x0000000800000000)
  region size 2048K, 1 young (2048K), 1 survivors (2048K)
 Metaspace       used 50464K, committed 51008K, reserved 1114112K
  class space    used 5284K, committed 5504K, reserved 1048576K
}
Event: 957.782 GC heap before
{Heap before GC invocations=201 (full 0):
 garbage-first heap   total reserved 3997696K, committed 69632K, used 57505K [0x000000070c000000, 0x0000000800000000)
  region size 2048K, 17 young (34816K), 1 survivors (2048K)
 Metaspace       used 50464K, committed 51008K, reserved 1114112K
  class space    used 5284K, committed 5504K, reserved 1048576K
}
Event: 957.783 GC heap after
{Heap after GC invocations=202 (full 0):
 garbage-first heap   total reserved 3997696K, committed 69632K, used 24745K [0x000000070c000000, 0x0000000800000000)
  region size 2048K, 1 young (2048K), 1 survivors (2048K)
 Metaspace       used 50464K, committed 51008K, reserved 1114112K
  class space    used 5284K, committed 5504K, reserved 1048576K
}
Event: 1634.647 GC heap before
{Heap before GC invocations=202 (full 0):
 garbage-first heap   total reserved 3997696K, committed 69632K, used 57513K [0x000000070c000000, 0x0000000800000000)
  region size 2048K, 17 young (34816K), 1 survivors (2048K)
 Metaspace       used 50718K, committed 51200K, reserved 1114112K
  class space    used 5309K, committed 5504K, reserved 1048576K
}
Event: 1634.651 GC heap after
{Heap after GC invocations=203 (full 0):
 garbage-first heap   total reserved 3997696K, committed 69632K, used 24892K [0x000000070c000000, 0x0000000800000000)
  region size 2048K, 1 young (2048K), 1 survivors (2048K)
 Metaspace       used 50718K, committed 51200K, reserved 1114112K
  class space    used 5309K, committed 5504K, reserved 1048576K
}

