# JRE version: OpenJDK Runtime Environment Temurin-21.0.7+6 (21.0.7+6) (build 21.0.7+6-LTS)
# Java VM: OpenJDK 64-Bit Server VM Temurin-21.0.7+6 (21.0.7+6-LTS, mixed mode, sharing, tiered, compressed oops, compressed class ptrs, parallel gc, windows-amd64)
GC Precious Log:
 CardTable entry size: 512
 CPUs: 16 total, 16 available
 Memory: 15610M
 Large Page Support: Disabled
 NUMA Support: Disabled
 Compressed Oops: Enabled (32-bit)
 Alignments: Space 512K, Generation 512K, Heap 2M
 Heap Min Capacity: 100M
 Heap Initial Capacity: 100M
 Heap Max Capacity: 1G
 Pre-touch: Disabled
 Parallel Workers: 13
Heap:
 PSYoungGen      total 16384K, used 498K [0x00000000eab00000, 0x00000000ebc80000, 0x0000000100000000)
  eden space 15872K, 0% used [0x00000000eab00000,0x00000000eab00000,0x00000000eba80000)
  from space 512K, 97% used [0x00000000ebc00000,0x00000000ebc7ca38,0x00000000ebc80000)
  to   space 1024K, 0% used [0x00000000eba80000,0x00000000eba80000,0x00000000ebb80000)
 ParOldGen       total 68608K, used 50357K [0x00000000c0000000, 0x00000000c4300000, 0x00000000eab00000)
  object space 68608K, 73% used [0x00000000c0000000,0x00000000c312d768,0x00000000c4300000)
 Metaspace       used 60270K, committed 61696K, reserved 1114112K
  class space    used 6352K, committed 6976K, reserved 1048576K
GC Heap History (20 events):
Event: 8.274 GC heap after
{Heap after GC invocations=35 (full 2):
 PSYoungGen      total 17920K, used 1664K [0x00000000eab00000, 0x00000000ebe80000, 0x0000000100000000)
  eden space 15872K, 0% used [0x00000000eab00000,0x00000000eab00000,0x00000000eba80000)
  from space 2048K, 81% used [0x00000000eba80000,0x00000000ebc20010,0x00000000ebc80000)
  to   space 2048K, 0% used [0x00000000ebc80000,0x00000000ebc80000,0x00000000ebe80000)
 ParOldGen       total 68608K, used 42993K [0x00000000c0000000, 0x00000000c4300000, 0x00000000eab00000)
  object space 68608K, 62% used [0x00000000c0000000,0x00000000c29fc500,0x00000000c4300000)
 Metaspace       used 57713K, committed 59008K, reserved 1114112K
  class space    used 6096K, committed 6592K, reserved 1048576K
}
Event: 8.317 GC heap before
{Heap before GC invocations=36 (full 2):
 PSYoungGen      total 17920K, used 17536K [0x00000000eab00000, 0x00000000ebe80000, 0x0000000100000000)
  eden space 15872K, 100% used [0x00000000eab00000,0x00000000eba80000,0x00000000eba80000)
  from space 2048K, 81% used [0x00000000eba80000,0x00000000ebc20010,0x00000000ebc80000)
  to   space 2048K, 0% used [0x00000000ebc80000,0x00000000ebc80000,0x00000000ebe80000)
 ParOldGen       total 68608K, used 42993K [0x00000000c0000000, 0x00000000c4300000, 0x00000000eab00000)
  object space 68608K, 62% used [0x00000000c0000000,0x00000000c29fc500,0x00000000c4300000)
 Metaspace       used 57725K, committed 59008K, reserved 1114112K
  class space    used 6096K, committed 6592K, reserved 1048576K
}
Event: 8.320 GC heap after
{Heap after GC invocations=36 (full 2):
 PSYoungGen      total 17920K, used 1664K [0x00000000eab00000, 0x00000000ebe80000, 0x0000000100000000)
  eden space 15872K, 0% used [0x00000000eab00000,0x00000000eab00000,0x00000000eba80000)
  from space 2048K, 81% used [0x00000000ebc80000,0x00000000ebe20000,0x00000000ebe80000)
  to   space 2048K, 0% used [0x00000000eba80000,0x00000000eba80000,0x00000000ebc80000)
 ParOldGen       total 68608K, used 44513K [0x00000000c0000000, 0x00000000c4300000, 0x00000000eab00000)
  object space 68608K, 64% used [0x00000000c0000000,0x00000000c2b78510,0x00000000c4300000)
 Metaspace       used 57725K, committed 59008K, reserved 1114112K
  class space    used 6096K, committed 6592K, reserved 1048576K
}
Event: 8.355 GC heap before
{Heap before GC invocations=37 (full 2):
 PSYoungGen      total 17920K, used 17536K [0x00000000eab00000, 0x00000000ebe80000, 0x0000000100000000)
  eden space 15872K, 100% used [0x00000000eab00000,0x00000000eba80000,0x00000000eba80000)
  from space 2048K, 81% used [0x00000000ebc80000,0x00000000ebe20000,0x00000000ebe80000)
  to   space 2048K, 0% used [0x00000000eba80000,0x00000000eba80000,0x00000000ebc80000)
 ParOldGen       total 68608K, used 44513K [0x00000000c0000000, 0x00000000c4300000, 0x00000000eab00000)
  object space 68608K, 64% used [0x00000000c0000000,0x00000000c2b78510,0x00000000c4300000)
 Metaspace       used 57727K, committed 59008K, reserved 1114112K
  class space    used 6096K, committed 6592K, reserved 1048576K
}
Event: 8.357 GC heap after
{Heap after GC invocations=37 (full 2):
 PSYoungGen      total 17920K, used 1700K [0x00000000eab00000, 0x00000000ebe80000, 0x0000000100000000)
  eden space 15872K, 0% used [0x00000000eab00000,0x00000000eab00000,0x00000000eba80000)
  from space 2048K, 83% used [0x00000000eba80000,0x00000000ebc29000,0x00000000ebc80000)
  to   space 2048K, 0% used [0x00000000ebc80000,0x00000000ebc80000,0x00000000ebe80000)
 ParOldGen       total 68608K, used 45985K [0x00000000c0000000, 0x00000000c4300000, 0x00000000eab00000)
  object space 68608K, 67% used [0x00000000c0000000,0x00000000c2ce8510,0x00000000c4300000)
 Metaspace       used 57727K, committed 59008K, reserved 1114112K
  class space    used 6096K, committed 6592K, reserved 1048576K
}
Event: 8.397 GC heap before
{Heap before GC invocations=38 (full 2):
 PSYoungGen      total 17920K, used 17572K [0x00000000eab00000, 0x00000000ebe80000, 0x0000000100000000)
  eden space 15872K, 100% used [0x00000000eab00000,0x00000000eba80000,0x00000000eba80000)
  from space 2048K, 83% used [0x00000000eba80000,0x00000000ebc29000,0x00000000ebc80000)
  to   space 2048K, 0% used [0x00000000ebc80000,0x00000000ebc80000,0x00000000ebe80000)
 ParOldGen       total 68608K, used 45985K [0x00000000c0000000, 0x00000000c4300000, 0x00000000eab00000)
  object space 68608K, 67% used [0x00000000c0000000,0x00000000c2ce8510,0x00000000c4300000)
 Metaspace       used 57750K, committed 59008K, reserved 1114112K
  class space    used 6099K, committed 6592K, reserved 1048576K
}
Event: 8.400 GC heap after
{Heap after GC invocations=38 (full 2):
 PSYoungGen      total 17920K, used 1792K [0x00000000eab00000, 0x00000000ebe80000, 0x0000000100000000)
  eden space 15872K, 0% used [0x00000000eab00000,0x00000000eab00000,0x00000000eba80000)
  from space 2048K, 87% used [0x00000000ebc80000,0x00000000ebe40010,0x00000000ebe80000)
  to   space 2048K, 0% used [0x00000000eba80000,0x00000000eba80000,0x00000000ebc80000)
 ParOldGen       total 68608K, used 47503K [0x00000000c0000000, 0x00000000c4300000, 0x00000000eab00000)
  object space 68608K, 69% used [0x00000000c0000000,0x00000000c2e63d28,0x00000000c4300000)
 Metaspace       used 57750K, committed 59008K, reserved 1114112K
  class space    used 6099K, committed 6592K, reserved 1048576K
}
Event: 8.451 GC heap before
{Heap before GC invocations=39 (full 2):
 PSYoungGen      total 17920K, used 17664K [0x00000000eab00000, 0x00000000ebe80000, 0x0000000100000000)
  eden space 15872K, 100% used [0x00000000eab00000,0x00000000eba80000,0x00000000eba80000)
  from space 2048K, 87% used [0x00000000ebc80000,0x00000000ebe40010,0x00000000ebe80000)
  to   space 2048K, 0% used [0x00000000eba80000,0x00000000eba80000,0x00000000ebc80000)
 ParOldGen       total 68608K, used 47503K [0x00000000c0000000, 0x00000000c4300000, 0x00000000eab00000)
  object space 68608K, 69% used [0x00000000c0000000,0x00000000c2e63d28,0x00000000c4300000)
 Metaspace       used 57772K, committed 59008K, reserved 1114112K
  class space    used 6099K, committed 6592K, reserved 1048576K
}
Event: 8.453 GC heap after
{Heap after GC invocations=39 (full 2):
 PSYoungGen      total 17920K, used 1504K [0x00000000eab00000, 0x00000000ebe80000, 0x0000000100000000)
  eden space 15872K, 0% used [0x00000000eab00000,0x00000000eab00000,0x00000000eba80000)
  from space 2048K, 73% used [0x00000000eba80000,0x00000000ebbf8000,0x00000000ebc80000)
  to   space 2048K, 0% used [0x00000000ebc80000,0x00000000ebc80000,0x00000000ebe80000)
 ParOldGen       total 68608K, used 49167K [0x00000000c0000000, 0x00000000c4300000, 0x00000000eab00000)
  object space 68608K, 71% used [0x00000000c0000000,0x00000000c3003d38,0x00000000c4300000)
 Metaspace       used 57772K, committed 59008K, reserved 1114112K
  class space    used 6099K, committed 6592K, reserved 1048576K
}
Event: 8.505 GC heap before
{Heap before GC invocations=40 (full 2):
 PSYoungGen      total 17920K, used 17376K [0x00000000eab00000, 0x00000000ebe80000, 0x0000000100000000)
  eden space 15872K, 100% used [0x00000000eab00000,0x00000000eba80000,0x00000000eba80000)
  from space 2048K, 73% used [0x00000000eba80000,0x00000000ebbf8000,0x00000000ebc80000)
  to   space 2048K, 0% used [0x00000000ebc80000,0x00000000ebc80000,0x00000000ebe80000)
 ParOldGen       total 68608K, used 49167K [0x00000000c0000000, 0x00000000c4300000, 0x00000000eab00000)
  object space 68608K, 71% used [0x00000000c0000000,0x00000000c3003d38,0x00000000c4300000)
 Metaspace       used 57836K, committed 59072K, reserved 1114112K
  class space    used 6100K, committed 6592K, reserved 1048576K
}
Event: 8.507 GC heap after
{Heap after GC invocations=40 (full 2):
 PSYoungGen      total 17408K, used 1504K [0x00000000eab00000, 0x00000000ebe00000, 0x0000000100000000)
  eden space 15872K, 0% used [0x00000000eab00000,0x00000000eab00000,0x00000000eba80000)
  from space 1536K, 97% used [0x00000000ebc80000,0x00000000ebdf8000,0x00000000ebe00000)
  to   space 1536K, 0% used [0x00000000ebb00000,0x00000000ebb00000,0x00000000ebc80000)
 ParOldGen       total 68608K, used 50431K [0x00000000c0000000, 0x00000000c4300000, 0x00000000eab00000)
  object space 68608K, 73% used [0x00000000c0000000,0x00000000c313fd38,0x00000000c4300000)
 Metaspace       used 57836K, committed 59072K, reserved 1114112K
  class space    used 6100K, committed 6592K, reserved 1048576K
}
Event: 8.726 GC heap before
{Heap before GC invocations=41 (full 2):
 PSYoungGen      total 17408K, used 17376K [0x00000000eab00000, 0x00000000ebe00000, 0x0000000100000000)
  eden space 15872K, 100% used [0x00000000eab00000,0x00000000eba80000,0x00000000eba80000)
  from space 1536K, 97% used [0x00000000ebc80000,0x00000000ebdf8000,0x00000000ebe00000)
  to   space 1536K, 0% used [0x00000000ebb00000,0x00000000ebb00000,0x00000000ebc80000)
 ParOldGen       total 68608K, used 50431K [0x00000000c0000000, 0x00000000c4300000, 0x00000000eab00000)
  object space 68608K, 73% used [0x00000000c0000000,0x00000000c313fd38,0x00000000c4300000)
 Metaspace       used 58083K, committed 59328K, reserved 1114112K
  class space    used 6122K, committed 6656K, reserved 1048576K
}
Event: 8.727 GC heap after
{Heap after GC invocations=41 (full 2):
 PSYoungGen      total 16896K, used 712K [0x00000000eab00000, 0x00000000ebd00000, 0x0000000100000000)
  eden space 15872K, 0% used [0x00000000eab00000,0x00000000eab00000,0x00000000eba80000)
  from space 1024K, 69% used [0x00000000ebb00000,0x00000000ebbb22c0,0x00000000ebc00000)
  to   space 1024K, 0% used [0x00000000ebc00000,0x00000000ebc00000,0x00000000ebd00000)
 ParOldGen       total 68608K, used 51815K [0x00000000c0000000, 0x00000000c4300000, 0x00000000eab00000)
  object space 68608K, 75% used [0x00000000c0000000,0x00000000c3299f38,0x00000000c4300000)
 Metaspace       used 58083K, committed 59328K, reserved 1114112K
  class space    used 6122K, committed 6656K, reserved 1048576K
}
Event: 9.085 GC heap before
{Heap before GC invocations=42 (full 2):
 PSYoungGen      total 16896K, used 13926K [0x00000000eab00000, 0x00000000ebd00000, 0x0000000100000000)
  eden space 15872K, 83% used [0x00000000eab00000,0x00000000eb7e76b0,0x00000000eba80000)
  from space 1024K, 69% used [0x00000000ebb00000,0x00000000ebbb22c0,0x00000000ebc00000)
  to   space 1024K, 0% used [0x00000000ebc00000,0x00000000ebc00000,0x00000000ebd00000)
 ParOldGen       total 68608K, used 51815K [0x00000000c0000000, 0x00000000c4300000, 0x00000000eab00000)
  object space 68608K, 75% used [0x00000000c0000000,0x00000000c3299f38,0x00000000c4300000)
 Metaspace       used 58419K, committed 59776K, reserved 1114112K
  class space    used 6150K, committed 6720K, reserved 1048576K
}
Event: 9.086 GC heap after
{Heap after GC invocations=42 (full 2):
 PSYoungGen      total 16384K, used 320K [0x00000000eab00000, 0x00000000ebc80000, 0x0000000100000000)
  eden space 15872K, 0% used [0x00000000eab00000,0x00000000eab00000,0x00000000eba80000)
  from space 512K, 62% used [0x00000000ebc00000,0x00000000ebc50000,0x00000000ebc80000)
  to   space 1024K, 0% used [0x00000000eba80000,0x00000000eba80000,0x00000000ebb80000)
 ParOldGen       total 68608K, used 52239K [0x00000000c0000000, 0x00000000c4300000, 0x00000000eab00000)
  object space 68608K, 76% used [0x00000000c0000000,0x00000000c3303f38,0x00000000c4300000)
 Metaspace       used 58419K, committed 59776K, reserved 1114112K
  class space    used 6150K, committed 6720K, reserved 1048576K
}
Event: 9.086 GC heap before
{Heap before GC invocations=43 (full 3):
 PSYoungGen      total 16384K, used 320K [0x00000000eab00000, 0x00000000ebc80000, 0x0000000100000000)
  eden space 15872K, 0% used [0x00000000eab00000,0x00000000eab00000,0x00000000eba80000)
  from space 512K, 62% used [0x00000000ebc00000,0x00000000ebc50000,0x00000000ebc80000)
  to   space 1024K, 0% used [0x00000000eba80000,0x00000000eba80000,0x00000000ebb80000)
 ParOldGen       total 68608K, used 52239K [0x00000000c0000000, 0x00000000c4300000, 0x00000000eab00000)
  object space 68608K, 76% used [0x00000000c0000000,0x00000000c3303f38,0x00000000c4300000)
 Metaspace       used 58419K, committed 59776K, reserved 1114112K
  class space    used 6150K, committed 6720K, reserved 1048576K
}
Event: 9.160 GC heap after
{Heap after GC invocations=43 (full 3):
 PSYoungGen      total 16384K, used 0K [0x00000000eab00000, 0x00000000ebc80000, 0x0000000100000000)
  eden space 15872K, 0% used [0x00000000eab00000,0x00000000eab00000,0x00000000eba80000)
  from space 512K, 0% used [0x00000000ebc00000,0x00000000ebc00000,0x00000000ebc80000)
  to   space 1024K, 0% used [0x00000000eba80000,0x00000000eba80000,0x00000000ebb80000)
 ParOldGen       total 68608K, used 43112K [0x00000000c0000000, 0x00000000c4300000, 0x00000000eab00000)
  object space 68608K, 62% used [0x00000000c0000000,0x00000000c2a1a370,0x00000000c4300000)
 Metaspace       used 58412K, committed 59776K, reserved 1114112K
  class space    used 6148K, committed 6720K, reserved 1048576K
}
Event: 10.352 GC heap before
{Heap before GC invocations=44 (full 3):
 PSYoungGen      total 16384K, used 15872K [0x00000000eab00000, 0x00000000ebc80000, 0x0000000100000000)
  eden space 15872K, 100% used [0x00000000eab00000,0x00000000eba80000,0x00000000eba80000)
  from space 512K, 0% used [0x00000000ebc00000,0x00000000ebc00000,0x00000000ebc80000)
  to   space 1024K, 0% used [0x00000000eba80000,0x00000000eba80000,0x00000000ebb80000)
 ParOldGen       total 68608K, used 43112K [0x00000000c0000000, 0x00000000c4300000, 0x00000000eab00000)
  object space 68608K, 62% used [0x00000000c0000000,0x00000000c2a1a370,0x00000000c4300000)
 Metaspace       used 59619K, committed 60992K, reserved 1114112K
  class space    used 6292K, committed 6912K, reserved 1048576K
}
Event: 12.369 GC heap after
{Heap after GC invocations=44 (full 3):
 PSYoungGen      total 16896K, used 1016K [0x00000000eab00000, 0x00000000ebc80000, 0x0000000100000000)
  eden space 15872K, 0% used [0x00000000eab00000,0x00000000eab00000,0x00000000eba80000)
  from space 1024K, 99% used [0x00000000eba80000,0x00000000ebb7e1c8,0x00000000ebb80000)
  to   space 512K, 0% used [0x00000000ebc00000,0x00000000ebc00000,0x00000000ebc80000)
 ParOldGen       total 68608K, used 43934K [0x00000000c0000000, 0x00000000c4300000, 0x00000000eab00000)
  object space 68608K, 64% used [0x00000000c0000000,0x00000000c2ae7880,0x00000000c4300000)
 Metaspace       used 59619K, committed 60992K, reserved 1114112K
  class space    used 6292K, committed 6912K, reserved 1048576K
}
Event: 14.431 GC heap before
{Heap before GC invocations=45 (full 3):
 PSYoungGen      total 16896K, used 16888K [0x00000000eab00000, 0x00000000ebc80000, 0x0000000100000000)
  eden space 15872K, 100% used [0x00000000eab00000,0x00000000eba80000,0x00000000eba80000)
  from space 1024K, 99% used [0x00000000eba80000,0x00000000ebb7e1c8,0x00000000ebb80000)
  to   space 512K, 0% used [0x00000000ebc00000,0x00000000ebc00000,0x00000000ebc80000)
 ParOldGen       total 68608K, used 43934K [0x00000000c0000000, 0x00000000c4300000, 0x00000000eab00000)
  object space 68608K, 64% used [0x00000000c0000000,0x00000000c2ae7880,0x00000000c4300000)
 Metaspace       used 60270K, committed 61696K, reserved 1114112K
  class space    used 6352K, committed 6976K, reserved 1048576K
}

